<?xml version="1.0" encoding="UTF-8"?>
<!-- Generated by org.testng.reporters.JUnitReportReporter -->
<testsuite hostname="ASBARDY" failures="0" tests="11" name="com.employee.automation.TestNG_Report" time="55.517" errors="0" timestamp="2026-07-18T16:42:38 IST" skipped="0">
  <testcase classname="com.employee.automation.TestNG_Report" name="test01_AdminLogin" time="2.784"/>
  <testcase classname="com.employee.automation.TestNG_Report" name="test02_Dashboard" time="3.868"/>
  <testcase classname="com.employee.automation.TestNG_Report" name="test03_EmployeesSection" time="5.970"/>
  <testcase classname="com.employee.automation.TestNG_Report" name="test03b_AddEmployeeViaUI" time="11.860"/>
  <testcase classname="com.employee.automation.TestNG_Report" name="test04_AttendanceSection" time="4.944"/>
  <testcase classname="com.employee.automation.TestNG_Report" name="test05_ScheduleSection" time="4.085"/>
  <testcase classname="com.employee.automation.TestNG_Report" name="test06_SalarySection" time="4.232"/>
  <testcase classname="com.employee.automation.TestNG_Report" name="test07_LeaveSection" time="6.149"/>
  <testcase classname="com.employee.automation.TestNG_Report" name="test08_ChatBot" time="7.016"/>
  <testcase classname="com.employee.automation.TestNG_Report" name="test09_BackToDashboard" time="2.837"/>
  <testcase classname="com.employee.automation.TestNG_Report" name="test10_Logout" time="1.772"/>
</testsuite> <!-- com.employee.automation.TestNG_Report -->
